d:\projects\cpp\consoleapplication1cudav2\consoleapplication1cudav2\x64\release\vc142.pdb
d:\projects\cpp\consoleapplication1cudav2\consoleapplication1cudav2\x64\release\processcpu.obj
d:\projects\cpp\consoleapplication1cudav2\consoleapplication1cudav2\x64\release\lab34.obj
d:\projects\cpp\consoleapplication1cudav2\consoleapplication1cudav2\x64\release\consoleapplication1cudav2.obj
d:\projects\cpp\consoleapplication1cudav2\x64\release\consoleapplication1cudav2.exe
d:\projects\cpp\consoleapplication1cudav2\consoleapplication1cudav2\x64\release\consoleapplication1cudav2.iobj
d:\projects\cpp\consoleapplication1cudav2\x64\release\consoleapplication1cudav2.pdb
d:\projects\cpp\consoleapplication1cudav2\consoleapplication1cudav2\x64\release\cu.cu.cache
d:\projects\cpp\consoleapplication1cudav2\consoleapplication1cudav2\x64\release\processgpu.cu.cache
d:\projects\cpp\consoleapplication1cudav2\consoleapplication1cudav2\x64\release\processgpulab3.cu.cache
d:\projects\cpp\consoleapplication1cudav2\consoleapplication1cudav2\x64\release\processgpulab3new.cu.cache
d:\projects\cpp\consoleapplication1cudav2\consoleapplication1cudav2\x64\release\processgpulab4.cu.cache
d:\projects\cpp\consoleapplication1cudav2\consoleapplication1cudav2\x64\release\cu.cu.obj
d:\projects\cpp\consoleapplication1cudav2\consoleapplication1cudav2\x64\release\processgpu.cu.obj
d:\projects\cpp\consoleapplication1cudav2\consoleapplication1cudav2\x64\release\processgpulab3.cu.obj
d:\projects\cpp\consoleapplication1cudav2\consoleapplication1cudav2\x64\release\processgpulab3new.cu.obj
d:\projects\cpp\consoleapplication1cudav2\consoleapplication1cudav2\x64\release\processgpulab4.cu.obj
d:\projects\cpp\consoleapplication1cudav2\consoleapplication1cudav2\x64\release\consoleapplication1cudav2.ipdb
d:\projects\cpp\consoleapplication1cudav2\consoleapplication1cudav2\x64\release\consolea.0ef5c327.tlog\cl.command.1.tlog
d:\projects\cpp\consoleapplication1cudav2\consoleapplication1cudav2\x64\release\consolea.0ef5c327.tlog\cl.read.1.tlog
d:\projects\cpp\consoleapplication1cudav2\consoleapplication1cudav2\x64\release\consolea.0ef5c327.tlog\cl.write.1.tlog
d:\projects\cpp\consoleapplication1cudav2\consoleapplication1cudav2\x64\release\consolea.0ef5c327.tlog\cudacompile.read.1u.tlog
d:\projects\cpp\consoleapplication1cudav2\consoleapplication1cudav2\x64\release\consolea.0ef5c327.tlog\cudacompile.write.1u.tlog
d:\projects\cpp\consoleapplication1cudav2\consoleapplication1cudav2\x64\release\consolea.0ef5c327.tlog\link.command.1.tlog
d:\projects\cpp\consoleapplication1cudav2\consoleapplication1cudav2\x64\release\consolea.0ef5c327.tlog\link.read.1.tlog
d:\projects\cpp\consoleapplication1cudav2\consoleapplication1cudav2\x64\release\consolea.0ef5c327.tlog\link.write.1.tlog
