d:\projects\cpp\consoleapplication1cudav2\consoleapplication1cudav2\x64\debug\vc142.pdb
d:\projects\cpp\consoleapplication1cudav2\consoleapplication1cudav2\x64\debug\vc142.idb
d:\projects\cpp\consoleapplication1cudav2\consoleapplication1cudav2\x64\debug\processcpu.obj
d:\projects\cpp\consoleapplication1cudav2\consoleapplication1cudav2\x64\debug\lab34.obj
d:\projects\cpp\consoleapplication1cudav2\consoleapplication1cudav2\x64\debug\consoleapplication1cudav2.obj
x64\debug\cu.cu.obj
x64\debug\processgpu.cu.obj
x64\debug\processgpulab3.cu.obj
x64\debug\processgpulab4.cu.obj
d:\projects\cpp\consoleapplication1cudav2\consoleapplication1cudav2\x64\debug\cu.cu.cache
d:\projects\cpp\consoleapplication1cudav2\consoleapplication1cudav2\x64\debug\processgpu.cu.cache
d:\projects\cpp\consoleapplication1cudav2\consoleapplication1cudav2\x64\debug\processgpulab3.cu.cache
d:\projects\cpp\consoleapplication1cudav2\consoleapplication1cudav2\x64\debug\processgpulab4.cu.cache
d:\projects\cpp\consoleapplication1cudav2\consoleapplication1cudav2\x64\debug\cu.cu.obj
d:\projects\cpp\consoleapplication1cudav2\consoleapplication1cudav2\x64\debug\processgpu.cu.obj
d:\projects\cpp\consoleapplication1cudav2\consoleapplication1cudav2\x64\debug\processgpulab3.cu.obj
d:\projects\cpp\consoleapplication1cudav2\consoleapplication1cudav2\x64\debug\processgpulab4.cu.obj
d:\projects\cpp\consoleapplication1cudav2\x64\debug\consoleapplication1cudav2.pdb
d:\projects\cpp\consoleapplication1cudav2\consoleapplication1cudav2\x64\debug\consolea.0ef5c327.tlog\cl.command.1.tlog
d:\projects\cpp\consoleapplication1cudav2\consoleapplication1cudav2\x64\debug\consolea.0ef5c327.tlog\cl.read.1.tlog
d:\projects\cpp\consoleapplication1cudav2\consoleapplication1cudav2\x64\debug\consolea.0ef5c327.tlog\cl.write.1.tlog
d:\projects\cpp\consoleapplication1cudav2\consoleapplication1cudav2\x64\debug\consolea.0ef5c327.tlog\cudacompile.read.1u.tlog
d:\projects\cpp\consoleapplication1cudav2\consoleapplication1cudav2\x64\debug\consolea.0ef5c327.tlog\cudacompile.write.1u.tlog
d:\projects\cpp\consoleapplication1cudav2\consoleapplication1cudav2\x64\debug\consolea.0ef5c327.tlog\link-cvtres.read.1.tlog
d:\projects\cpp\consoleapplication1cudav2\consoleapplication1cudav2\x64\debug\consolea.0ef5c327.tlog\link-cvtres.write.1.tlog
d:\projects\cpp\consoleapplication1cudav2\consoleapplication1cudav2\x64\debug\consolea.0ef5c327.tlog\link-rc.read.1.tlog
d:\projects\cpp\consoleapplication1cudav2\consoleapplication1cudav2\x64\debug\consolea.0ef5c327.tlog\link-rc.write.1.tlog
d:\projects\cpp\consoleapplication1cudav2\consoleapplication1cudav2\x64\debug\consolea.0ef5c327.tlog\link.command.1.tlog
d:\projects\cpp\consoleapplication1cudav2\consoleapplication1cudav2\x64\debug\consolea.0ef5c327.tlog\link.read.1.tlog
d:\projects\cpp\consoleapplication1cudav2\consoleapplication1cudav2\x64\debug\consolea.0ef5c327.tlog\link.write.1.tlog
